# JRE version: OpenJDK Runtime Environment Zulu21.38+21-CA (21.0.5+11) (build 21.0.5+11-LTS)
# Java VM: OpenJDK 64-Bit Server VM Zulu21.38+21-CA (21.0.5+11-LTS, mixed mode, sharing, tiered, compressed oops, compressed class ptrs, g1 gc, windows-amd64)
GC Precious Log:
 CardTable entry size: 512
 Card Set container configuration: InlinePtr #cards 5 size 8 Array Of Cards #cards 12 size 40 Howl #buckets 4 coarsen threshold 1843 Howl Bitmap #cards 512 size 80 coarsen threshold 460 Card regions per heap region 1 cards per card region 2048
 CPUs: 12 total, 12 available
 Memory: 5989M
 Large Page Support: Disabled
 NUMA Support: Disabled
 Compressed Oops: Enabled (32-bit)
 Heap Region Size: 1M
 Heap Min Capacity: 8M
 Heap Initial Capacity: 94M
 Heap Max Capacity: 1498M
 Pre-touch: Disabled
 Parallel Workers: 10
 Concurrent Workers: 3
 Concurrent Refinement Workers: 10
 Periodic GC: Disabled
Heap:
 garbage-first heap   total 96256K, used 55976K [0x00000000a2600000, 0x0000000100000000)
  region size 1024K, 27 young (27648K), 1 survivors (1024K)
 Metaspace       used 29147K, committed 29568K, reserved 1114112K
  class space    used 3200K, committed 3392K, reserved 1048576K
GC Heap History (14 events):
Event: 1.112 GC heap before
{Heap before GC invocations=0 (full 0):
 garbage-first heap   total 96256K, used 23552K [0x00000000a2600000, 0x0000000100000000)
  region size 1024K, 23 young (23552K), 0 survivors (0K)
 Metaspace       used 5844K, committed 6016K, reserved 1114112K
  class space    used 656K, committed 768K, reserved 1048576K
}
Event: 1.124 GC heap after
{Heap after GC invocations=1 (full 0):
 garbage-first heap   total 96256K, used 3752K [0x00000000a2600000, 0x0000000100000000)
  region size 1024K, 3 young (3072K), 3 survivors (3072K)
 Metaspace       used 5844K, committed 6016K, reserved 1114112K
  class space    used 656K, committed 768K, reserved 1048576K
}
Event: 1.860 GC heap before
{Heap before GC invocations=1 (full 0):
 garbage-first heap   total 96256K, used 34472K [0x00000000a2600000, 0x0000000100000000)
  region size 1024K, 33 young (33792K), 3 survivors (3072K)
 Metaspace       used 10037K, committed 10176K, reserved 1114112K
  class space    used 1147K, committed 1216K, reserved 1048576K
}
Event: 1.868 GC heap after
{Heap after GC invocations=2 (full 0):
 garbage-first heap   total 96256K, used 5664K [0x00000000a2600000, 0x0000000100000000)
  region size 1024K, 2 young (2048K), 2 survivors (2048K)
 Metaspace       used 10037K, committed 10176K, reserved 1114112K
  class space    used 1147K, committed 1216K, reserved 1048576K
}
Event: 4.369 GC heap before
{Heap before GC invocations=2 (full 0):
 garbage-first heap   total 96256K, used 60960K [0x00000000a2600000, 0x0000000100000000)
  region size 1024K, 56 young (57344K), 2 survivors (2048K)
 Metaspace       used 17294K, committed 17600K, reserved 1114112K
  class space    used 1966K, committed 2112K, reserved 1048576K
}
Event: 4.385 GC heap after
{Heap after GC invocations=3 (full 0):
 garbage-first heap   total 96256K, used 10298K [0x00000000a2600000, 0x0000000100000000)
  region size 1024K, 7 young (7168K), 7 survivors (7168K)
 Metaspace       used 17294K, committed 17600K, reserved 1114112K
  class space    used 1966K, committed 2112K, reserved 1048576K
}
Event: 6.297 GC heap before
{Heap before GC invocations=3 (full 0):
 garbage-first heap   total 96256K, used 31802K [0x00000000a2600000, 0x0000000100000000)
  region size 1024K, 25 young (25600K), 7 survivors (7168K)
 Metaspace       used 21147K, committed 21504K, reserved 1114112K
  class space    used 2437K, committed 2624K, reserved 1048576K
}
Event: 6.321 GC heap after
{Heap after GC invocations=4 (full 0):
 garbage-first heap   total 96256K, used 19367K [0x00000000a2600000, 0x0000000100000000)
  region size 1024K, 5 young (5120K), 5 survivors (5120K)
 Metaspace       used 21147K, committed 21504K, reserved 1114112K
  class space    used 2437K, committed 2624K, reserved 1048576K
}
Event: 7.367 GC heap before
{Heap before GC invocations=5 (full 0):
 garbage-first heap   total 65536K, used 65447K [0x00000000a2600000, 0x0000000100000000)
  region size 1024K, 50 young (51200K), 5 survivors (5120K)
 Metaspace       used 26696K, committed 27008K, reserved 1114112K
  class space    used 2992K, committed 3136K, reserved 1048576K
}
Event: 7.404 GC heap after
{Heap after GC invocations=6 (full 0):
 garbage-first heap   total 79872K, used 26161K [0x00000000a2600000, 0x0000000100000000)
  region size 1024K, 7 young (7168K), 7 survivors (7168K)
 Metaspace       used 26696K, committed 27008K, reserved 1114112K
  class space    used 2992K, committed 3136K, reserved 1048576K
}
Event: 8.244 GC heap before
{Heap before GC invocations=6 (full 0):
 garbage-first heap   total 79872K, used 63025K [0x00000000a2600000, 0x0000000100000000)
  region size 1024K, 43 young (44032K), 7 survivors (7168K)
 Metaspace       used 28756K, committed 29184K, reserved 1114112K
  class space    used 3197K, committed 3392K, reserved 1048576K
}
Event: 8.268 GC heap after
{Heap after GC invocations=7 (full 0):
 garbage-first heap   total 79872K, used 30129K [0x00000000a2600000, 0x0000000100000000)
  region size 1024K, 4 young (4096K), 4 survivors (4096K)
 Metaspace       used 28756K, committed 29184K, reserved 1114112K
  class space    used 3197K, committed 3392K, reserved 1048576K
}
Event: 8.744 GC heap before
{Heap before GC invocations=7 (full 0):
 garbage-first heap   total 79872K, used 65969K [0x00000000a2600000, 0x0000000100000000)
  region size 1024K, 39 young (39936K), 4 survivors (4096K)
 Metaspace       used 28929K, committed 29376K, reserved 1114112K
  class space    used 3197K, committed 3392K, reserved 1048576K
}
Event: 8.752 GC heap after
{Heap after GC invocations=8 (full 0):
 garbage-first heap   total 96256K, used 30376K [0x00000000a2600000, 0x0000000100000000)
  region size 1024K, 1 young (1024K), 1 survivors (1024K)
 Metaspace       used 28929K, committed 29376K, reserved 1114112K
  class space    used 3197K, committed 3392K, reserved 1048576K
}

